<?xml version="1.0" encoding="UTF-8"?>
<robot generator="Robot 6.0 (Python 3.10.0 on darwin)" generated="20221027 13:55:45.123" rpa="false" schemaversion="3">
<suite id="s1" name="CICD SDP Sanity SIT" source="/Users/silicon/pyProjects/GrabCICDTests/CICD_SDP_Sanity_SIT.robot">
<test id="s1-t1" name="01. To check the working of SDP Create Order API" line="11">
<kw name="Log To Console" library="BuiltIn">
<arg>\n Entering payload and calling the Create Order API \n</arg>
<doc>Logs the given message to the console.</doc>
<status status="PASS" starttime="20221027 13:55:45.206" endtime="20221027 13:55:45.206"/>
</kw>
<kw name="Check Create Order SDP" library="APIcalls">
<var>${order_id}</var>
<arg>SIT</arg>
<msg timestamp="20221027 13:55:45.839" level="INFO">${order_id} = SDPTripEMZ7F</msg>
<status status="PASS" starttime="20221027 13:55:45.206" endtime="20221027 13:55:45.839"/>
</kw>
<kw name="Log To Console" library="BuiltIn">
<arg>${order_id}</arg>
<doc>Logs the given message to the console.</doc>
<status status="PASS" starttime="20221027 13:55:45.840" endtime="20221027 13:55:45.840"/>
</kw>
<status status="PASS" starttime="20221027 13:55:45.205" endtime="20221027 13:55:45.840"/>
</test>
<test id="s1-t2" name="02. To check the working of Login API" line="21">
<kw name="Log To Console" library="BuiltIn">
<arg>\n Entering payload and calling the login API</arg>
<doc>Logs the given message to the console.</doc>
<status status="PASS" starttime="20221027 13:55:45.841" endtime="20221027 13:55:45.841"/>
</kw>
<kw name="Check Login" library="APIcalls">
<var>@{response_login}</var>
<arg>SIT</arg>
<msg timestamp="20221027 13:55:47.062" level="INFO">Entering payload and calling the login API</msg>
<msg timestamp="20221027 13:55:47.062" level="INFO">@{response_login} = [ success | {'response': 'success', 'error': '0', 'errordesc': '', 'forceupdate': 0, 'name': 'Srisai Reddy ', 'fatherName': '', 'DOB': '1970-01-01', 'DOJ': '2021-08-02', 'drivingLicense': '6332e1a129d...</msg>
<status status="PASS" starttime="20221027 13:55:45.841" endtime="20221027 13:55:47.062"/>
</kw>
<kw name="Log To Console" library="BuiltIn">
<arg>The SID is: ${response_login}[2]</arg>
<doc>Logs the given message to the console.</doc>
<status status="PASS" starttime="20221027 13:55:47.063" endtime="20221027 13:55:47.063"/>
</kw>
<kw name="Should Be Equal" library="BuiltIn">
<arg>${response_login}[0]</arg>
<arg>success</arg>
<arg>Login API Failed, request response is ${response_login}[1]</arg>
<doc>Fails if the given objects are unequal.</doc>
<status status="PASS" starttime="20221027 13:55:47.063" endtime="20221027 13:55:47.064"/>
</kw>
<status status="PASS" starttime="20221027 13:55:45.841" endtime="20221027 13:55:47.064"/>
</test>
<test id="s1-t3" name="03. To check the working of Checkin API" line="27">
<kw name="Log To Console" library="BuiltIn">
<arg>\n Entering payload and calling the checkin API</arg>
<doc>Logs the given message to the console.</doc>
<status status="PASS" starttime="20221027 13:55:47.064" endtime="20221027 13:55:47.065"/>
</kw>
<kw name="Check Checkin" library="APIcalls">
<var>@{response_checkin}</var>
<arg>SIT</arg>
<msg timestamp="20221027 13:55:49.237" level="INFO">Entering payload and calling the checkin API
Entering payload and calling the login API</msg>
<msg timestamp="20221027 13:55:49.237" level="INFO">@{response_checkin} = [ success | {'response': 'success', 'error': '', 'errordesc': '', 'actionTime': '1666859100000', 'distance': '25.71', 'serverTime': '1666859149000', 'phoneTime': '1666859145000', 'checkoutTime': '1666...</msg>
<status status="PASS" starttime="20221027 13:55:47.065" endtime="20221027 13:55:49.237"/>
</kw>
<kw name="Should Be Equal" library="BuiltIn">
<arg>${response_checkin}[0]</arg>
<arg>success</arg>
<arg>Checkin API Failed, request response is ${response_checkin}[1]</arg>
<doc>Fails if the given objects are unequal.</doc>
<status status="PASS" starttime="20221027 13:55:49.237" endtime="20221027 13:55:49.238"/>
</kw>
<status status="PASS" starttime="20221027 13:55:47.064" endtime="20221027 13:55:49.238"/>
</test>
<status status="PASS" starttime="20221027 13:55:45.125" endtime="20221027 13:55:49.238"/>
</suite>
<statistics>
<total>
<stat pass="3" fail="0" skip="0">All Tests</stat>
</total>
<tag>
</tag>
<suite>
<stat pass="3" fail="0" skip="0" id="s1" name="CICD SDP Sanity SIT">CICD SDP Sanity SIT</stat>
</suite>
</statistics>
<errors>
</errors>
</robot>
